============================= test session starts =============================
platform win32 -- Python 3.13.0, pytest-9.0.1, pluggy-1.6.0 -- E:\python\python313\python.exe
cachedir: tests\temp\.pytest_cache
hypothesis profile 'default'
rootdir: E:\重构\TG ONE
configfile: pytest.ini
plugins: anyio-4.12.1, hypothesis-6.151.4, asyncio-1.3.0, cov-7.0.0, mock-3.15.1, xdist-3.8.0
asyncio: mode=Mode.AUTO, debug=False, asyncio_default_fixture_loop_scope=None, asyncio_default_test_loop_scope=function
collecting ... collected 3 items

tests/unit/services/test_smart_buffer.py::TestSmartBuffer::test_debounce_and_flush FAILED
tests/unit/services/test_smart_buffer.py::TestSmartBuffer::test_max_batch_size 
-------------------------------- live log call --------------------------------
2026-02-06 22:27:35 [    INFO] \U0001f680 [\u6ee1\u8f7d\u53d1\u8f66] \u89c4\u5219 102 \u79ef\u538b\u8fbe 3 \u6761\uff0c\u7acb\u5373\u53d1\u51fa\n
